<?xml version="1.0" encoding="UTF-8"?>
<!-- Generated by org.testng.reporters.JUnitReportReporter -->
<testsuite skipped="0" hostname="DESKTOP-7IHRSOT" name="com.qa.hrm.tests.LoginTest" tests="1" failures="0" timestamp="2021-07-28T19:04:20 IST" time="3.311" errors="0">
  <testcase name="login" time="3.311" classname="com.qa.hrm.tests.LoginTest"/>
  <system-out/>
</testsuite> <!-- com.qa.hrm.tests.LoginTest -->
