<?xml version="1.0" encoding="UTF-8"?>
<!-- Generated by org.testng.reporters.JUnitReportReporter -->
<testsuite skipped="0" hostname="DESKTOP-7IHRSOT" name="com.qa.hrm.tests.ForgotPwd" tests="1" failures="0" timestamp="2021-07-28T19:19:07 IST" time="1.552" errors="0">
  <testcase name="verifyForgotPwd" time="1.552" classname="com.qa.hrm.tests.ForgotPwd"/>
  <system-out/>
</testsuite> <!-- com.qa.hrm.tests.ForgotPwd -->
