<?xml version="1.0" encoding="UTF-8"?>
<!-- Generated by org.testng.reporters.JUnitReportReporter -->
<testsuite skipped="0" hostname="DESKTOP-7IHRSOT" name="com.qa.hrm.tests.BaseTest" tests="1" failures="0" timestamp="2021-07-28T19:05:19 IST" time="8.838" errors="0">
  <testcase name="browserSetUp" time="8.838" classname="com.qa.hrm.tests.BaseTest"/>
  <system-out/>
</testsuite> <!-- com.qa.hrm.tests.BaseTest -->
