<?xml version="1.0" encoding="UTF-8"?>
<!-- Generated by org.testng.reporters.JUnitReportReporter -->
<testsuite skipped="0" hostname="DESKTOP-7IHRSOT" name="com.qa.hrm.tests.ForgotPwdTest" tests="1" failures="0" timestamp="2021-07-28T19:25:33 IST" time="1.563" errors="0">
  <testcase name="verifyForgotPwd" time="1.563" classname="com.qa.hrm.tests.ForgotPwdTest"/>
  <system-out/>
</testsuite> <!-- com.qa.hrm.tests.ForgotPwdTest -->
